{"C:\\Users\\Daniel AF\\Documents\\GitHub\\Comp4350\\RoomHub\\Backend\\src\\Handler\\NotificationHandler.js": {"path":"C:\\Users\\Daniel AF\\Documents\\GitHub\\Comp4350\\RoomHub\\Backend\\src\\Handler\\NotificationHandler.js","statementMap":{"0":{"start":{"line":1,"column":17},"end":{"line":1,"column":47}},"1":{"start":{"line":2,"column":23},"end":{"line":2,"column":38}},"2":{"start":{"line":31,"column":8},"end":{"line":31,"column":65}},"3":{"start":{"line":32,"column":8},"end":{"line":32,"column":81}},"4":{"start":{"line":36,"column":8},"end":{"line":36,"column":46}},"5":{"start":{"line":40,"column":8},"end":{"line":40,"column":38}},"6":{"start":{"line":49,"column":8},"end":{"line":51,"column":9}},"7":{"start":{"line":50,"column":12},"end":{"line":50,"column":25}},"8":{"start":{"line":52,"column":8},"end":{"line":52,"column":20}},"9":{"start":{"line":56,"column":8},"end":{"line":58,"column":9}},"10":{"start":{"line":57,"column":12},"end":{"line":57,"column":25}},"11":{"start":{"line":59,"column":8},"end":{"line":59,"column":20}},"12":{"start":{"line":69,"column":8},"end":{"line":114,"column":9}},"13":{"start":{"line":70,"column":29},"end":{"line":70,"column":37}},"14":{"start":{"line":71,"column":27},"end":{"line":71,"column":35}},"15":{"start":{"line":72,"column":25},"end":{"line":72,"column":42}},"16":{"start":{"line":73,"column":23},"end":{"line":73,"column":38}},"17":{"start":{"line":75,"column":12},"end":{"line":77,"column":13}},"18":{"start":{"line":76,"column":16},"end":{"line":76,"column":73}},"19":{"start":{"line":80,"column":25},"end":{"line":80,"column":68}},"20":{"start":{"line":82,"column":27},"end":{"line":82,"column":68}},"21":{"start":{"line":84,"column":12},"end":{"line":86,"column":13}},"22":{"start":{"line":85,"column":16},"end":{"line":85,"column":73}},"23":{"start":{"line":87,"column":25},"end":{"line":87,"column":42}},"24":{"start":{"line":88,"column":26},"end":{"line":88,"column":70}},"25":{"start":{"line":89,"column":24},"end":{"line":89,"column":61}},"26":{"start":{"line":90,"column":12},"end":{"line":93,"column":13}},"27":{"start":{"line":92,"column":16},"end":{"line":92,"column":105}},"28":{"start":{"line":94,"column":42},"end":{"line":102,"column":13}},"29":{"start":{"line":104,"column":12},"end":{"line":111,"column":13}},"30":{"start":{"line":107,"column":16},"end":{"line":107,"column":85}},"31":{"start":{"line":108,"column":16},"end":{"line":108,"column":100}},"32":{"start":{"line":110,"column":16},"end":{"line":110,"column":90}},"33":{"start":{"line":113,"column":12},"end":{"line":113,"column":66}},"34":{"start":{"line":125,"column":8},"end":{"line":127,"column":9}},"35":{"start":{"line":126,"column":12},"end":{"line":126,"column":60}},"36":{"start":{"line":128,"column":8},"end":{"line":128,"column":18}},"37":{"start":{"line":138,"column":8},"end":{"line":138,"column":58}},"38":{"start":{"line":147,"column":8},"end":{"line":147,"column":52}},"39":{"start":{"line":151,"column":0},"end":{"line":151,"column":37}}},"fnMap":{"0":{"name":"(anonymous_0)","decl":{"start":{"line":30,"column":4},"end":{"line":30,"column":5}},"loc":{"start":{"line":30,"column":18},"end":{"line":33,"column":5}},"line":30},"1":{"name":"(anonymous_1)","decl":{"start":{"line":35,"column":4},"end":{"line":35,"column":5}},"loc":{"start":{"line":35,"column":35},"end":{"line":37,"column":5}},"line":35},"2":{"name":"(anonymous_2)","decl":{"start":{"line":39,"column":4},"end":{"line":39,"column":5}},"loc":{"start":{"line":39,"column":27},"end":{"line":41,"column":5}},"line":39},"3":{"name":"(anonymous_3)","decl":{"start":{"line":68,"column":4},"end":{"line":68,"column":5}},"loc":{"start":{"line":68,"column":49},"end":{"line":115,"column":5}},"line":68},"4":{"name":"(anonymous_4)","decl":{"start":{"line":124,"column":4},"end":{"line":124,"column":5}},"loc":{"start":{"line":124,"column":37},"end":{"line":129,"column":5}},"line":124},"5":{"name":"(anonymous_5)","decl":{"start":{"line":137,"column":4},"end":{"line":137,"column":5}},"loc":{"start":{"line":137,"column":38},"end":{"line":139,"column":5}},"line":137},"6":{"name":"(anonymous_6)","decl":{"start":{"line":146,"column":4},"end":{"line":146,"column":5}},"loc":{"start":{"line":146,"column":40},"end":{"line":148,"column":5}},"line":146}},"branchMap":{"0":{"loc":{"start":{"line":49,"column":8},"end":{"line":51,"column":9}},"type":"if","locations":[{"start":{"line":49,"column":8},"end":{"line":51,"column":9}},{"start":{},"end":{}}],"line":49},"1":{"loc":{"start":{"line":56,"column":8},"end":{"line":58,"column":9}},"type":"if","locations":[{"start":{"line":56,"column":8},"end":{"line":58,"column":9}},{"start":{},"end":{}}],"line":56},"2":{"loc":{"start":{"line":56,"column":12},"end":{"line":56,"column":64}},"type":"binary-expr","locations":[{"start":{"line":56,"column":12},"end":{"line":56,"column":35}},{"start":{"line":56,"column":39},"end":{"line":56,"column":64}}],"line":56},"3":{"loc":{"start":{"line":75,"column":12},"end":{"line":77,"column":13}},"type":"if","locations":[{"start":{"line":75,"column":12},"end":{"line":77,"column":13}},{"start":{},"end":{}}],"line":75},"4":{"loc":{"start":{"line":84,"column":12},"end":{"line":86,"column":13}},"type":"if","locations":[{"start":{"line":84,"column":12},"end":{"line":86,"column":13}},{"start":{},"end":{}}],"line":84},"5":{"loc":{"start":{"line":84,"column":16},"end":{"line":84,"column":52}},"type":"binary-expr","locations":[{"start":{"line":84,"column":16},"end":{"line":84,"column":31}},{"start":{"line":84,"column":35},"end":{"line":84,"column":52}}],"line":84},"6":{"loc":{"start":{"line":90,"column":12},"end":{"line":93,"column":13}},"type":"if","locations":[{"start":{"line":90,"column":12},"end":{"line":93,"column":13}},{"start":{},"end":{}}],"line":90},"7":{"loc":{"start":{"line":104,"column":12},"end":{"line":111,"column":13}},"type":"if","locations":[{"start":{"line":104,"column":12},"end":{"line":111,"column":13}},{"start":{"line":109,"column":19},"end":{"line":111,"column":13}}],"line":104},"8":{"loc":{"start":{"line":125,"column":8},"end":{"line":127,"column":9}},"type":"if","locations":[{"start":{"line":125,"column":8},"end":{"line":127,"column":9}},{"start":{},"end":{}}],"line":125}},"s":{"0":4,"1":4,"2":9,"3":9,"4":4,"5":17,"6":5,"7":5,"8":0,"9":6,"10":1,"11":5,"12":6,"13":6,"14":6,"15":6,"16":6,"17":6,"18":1,"19":6,"20":5,"21":5,"22":1,"23":5,"24":5,"25":5,"26":5,"27":5,"28":5,"29":5,"30":3,"31":3,"32":2,"33":1,"34":5,"35":0,"36":5,"37":0,"38":0,"39":4},"f":{"0":9,"1":4,"2":17,"3":6,"4":5,"5":0,"6":0},"b":{"0":[5,0],"1":[1,5],"2":[6,5],"3":[1,5],"4":[1,4],"5":[5,4],"6":[5,0],"7":[3,2],"8":[0,5]},"_coverageSchema":"1a1c01bbd47fc00a2c39e90264f33305004495a9","hash":"172e0799d7cbb22c1dc5ab2e0bda247db12aa7bc"}
,"C:\\Users\\Daniel AF\\Documents\\GitHub\\Comp4350\\RoomHub\\Backend\\src\\Handler\\RoomHandler.js": {"path":"C:\\Users\\Daniel AF\\Documents\\GitHub\\Comp4350\\RoomHub\\Backend\\src\\Handler\\RoomHandler.js","statementMap":{"0":{"start":{"line":1,"column":17},"end":{"line":1,"column":47}},"1":{"start":{"line":2,"column":23},"end":{"line":2,"column":38}},"2":{"start":{"line":38,"column":8},"end":{"line":38,"column":65}},"3":{"start":{"line":39,"column":8},"end":{"line":39,"column":65}},"4":{"start":{"line":40,"column":8},"end":{"line":40,"column":81}},"5":{"start":{"line":44,"column":8},"end":{"line":44,"column":38}},"6":{"start":{"line":48,"column":8},"end":{"line":48,"column":38}},"7":{"start":{"line":57,"column":8},"end":{"line":59,"column":9}},"8":{"start":{"line":58,"column":12},"end":{"line":58,"column":24}},"9":{"start":{"line":60,"column":8},"end":{"line":60,"column":21}},"10":{"start":{"line":71,"column":31},"end":{"line":71,"column":53}},"11":{"start":{"line":72,"column":19},"end":{"line":72,"column":59}},"12":{"start":{"line":73,"column":8},"end":{"line":75,"column":9}},"13":{"start":{"line":74,"column":12},"end":{"line":74,"column":24}},"14":{"start":{"line":76,"column":8},"end":{"line":76,"column":21}},"15":{"start":{"line":87,"column":8},"end":{"line":116,"column":9}},"16":{"start":{"line":88,"column":28},"end":{"line":88,"column":64}},"17":{"start":{"line":89,"column":26},"end":{"line":89,"column":62}},"18":{"start":{"line":90,"column":34},"end":{"line":90,"column":69}},"19":{"start":{"line":91,"column":34},"end":{"line":91,"column":68}},"20":{"start":{"line":92,"column":12},"end":{"line":113,"column":13}},"21":{"start":{"line":94,"column":32},"end":{"line":94,"column":40}},"22":{"start":{"line":95,"column":38},"end":{"line":95,"column":113}},"23":{"start":{"line":96,"column":16},"end":{"line":104,"column":17}},"24":{"start":{"line":99,"column":20},"end":{"line":99,"column":84}},"25":{"start":{"line":100,"column":20},"end":{"line":100,"column":96}},"26":{"start":{"line":103,"column":20},"end":{"line":103,"column":86}},"27":{"start":{"line":106,"column":16},"end":{"line":112,"column":17}},"28":{"start":{"line":107,"column":20},"end":{"line":107,"column":92}},"29":{"start":{"line":108,"column":23},"end":{"line":112,"column":17}},"30":{"start":{"line":109,"column":20},"end":{"line":109,"column":87}},"31":{"start":{"line":111,"column":20},"end":{"line":111,"column":101}},"32":{"start":{"line":115,"column":12},"end":{"line":115,"column":62}},"33":{"start":{"line":126,"column":8},"end":{"line":130,"column":9}},"34":{"start":{"line":127,"column":12},"end":{"line":127,"column":24}},"35":{"start":{"line":129,"column":12},"end":{"line":129,"column":25}},"36":{"start":{"line":139,"column":8},"end":{"line":179,"column":9}},"37":{"start":{"line":140,"column":41},"end":{"line":140,"column":92}},"38":{"start":{"line":141,"column":36},"end":{"line":141,"column":82}},"39":{"start":{"line":142,"column":30},"end":{"line":142,"column":71}},"40":{"start":{"line":143,"column":29},"end":{"line":143,"column":64}},"41":{"start":{"line":146,"column":37},"end":{"line":146,"column":59}},"42":{"start":{"line":147,"column":33},"end":{"line":147,"column":86}},"43":{"start":{"line":148,"column":33},"end":{"line":148,"column":81}},"44":{"start":{"line":149,"column":12},"end":{"line":176,"column":13}},"45":{"start":{"line":150,"column":32},"end":{"line":150,"column":52}},"46":{"start":{"line":151,"column":16},"end":{"line":167,"column":17}},"47":{"start":{"line":152,"column":41},"end":{"line":152,"column":92}},"48":{"start":{"line":153,"column":20},"end":{"line":164,"column":21}},"49":{"start":{"line":156,"column":24},"end":{"line":156,"column":96}},"50":{"start":{"line":157,"column":24},"end":{"line":157,"column":96}},"51":{"start":{"line":158,"column":24},"end":{"line":158,"column":91}},"52":{"start":{"line":159,"column":24},"end":{"line":159,"column":109}},"53":{"start":{"line":160,"column":24},"end":{"line":160,"column":98}},"54":{"start":{"line":163,"column":24},"end":{"line":163,"column":81}},"55":{"start":{"line":166,"column":20},"end":{"line":166,"column":100}},"56":{"start":{"line":169,"column":16},"end":{"line":175,"column":17}},"57":{"start":{"line":170,"column":20},"end":{"line":170,"column":78}},"58":{"start":{"line":171,"column":23},"end":{"line":175,"column":17}},"59":{"start":{"line":172,"column":20},"end":{"line":172,"column":85}},"60":{"start":{"line":174,"column":20},"end":{"line":174,"column":85}},"61":{"start":{"line":178,"column":12},"end":{"line":178,"column":66}},"62":{"start":{"line":183,"column":0},"end":{"line":183,"column":29}}},"fnMap":{"0":{"name":"(anonymous_0)","decl":{"start":{"line":37,"column":4},"end":{"line":37,"column":5}},"loc":{"start":{"line":37,"column":18},"end":{"line":41,"column":5}},"line":37},"1":{"name":"(anonymous_1)","decl":{"start":{"line":43,"column":4},"end":{"line":43,"column":5}},"loc":{"start":{"line":43,"column":27},"end":{"line":45,"column":5}},"line":43},"2":{"name":"(anonymous_2)","decl":{"start":{"line":47,"column":4},"end":{"line":47,"column":5}},"loc":{"start":{"line":47,"column":27},"end":{"line":49,"column":5}},"line":47},"3":{"name":"(anonymous_3)","decl":{"start":{"line":86,"column":4},"end":{"line":86,"column":5}},"loc":{"start":{"line":86,"column":41},"end":{"line":117,"column":5}},"line":86},"4":{"name":"(anonymous_4)","decl":{"start":{"line":138,"column":4},"end":{"line":138,"column":5}},"loc":{"start":{"line":138,"column":42},"end":{"line":180,"column":5}},"line":138}},"branchMap":{"0":{"loc":{"start":{"line":57,"column":8},"end":{"line":59,"column":9}},"type":"if","locations":[{"start":{"line":57,"column":8},"end":{"line":59,"column":9}},{"start":{},"end":{}}],"line":57},"1":{"loc":{"start":{"line":57,"column":12},"end":{"line":57,"column":65}},"type":"binary-expr","locations":[{"start":{"line":57,"column":12},"end":{"line":57,"column":41}},{"start":{"line":57,"column":45},"end":{"line":57,"column":65}}],"line":57},"2":{"loc":{"start":{"line":73,"column":8},"end":{"line":75,"column":9}},"type":"if","locations":[{"start":{"line":73,"column":8},"end":{"line":75,"column":9}},{"start":{},"end":{}}],"line":73},"3":{"loc":{"start":{"line":92,"column":12},"end":{"line":113,"column":13}},"type":"if","locations":[{"start":{"line":92,"column":12},"end":{"line":113,"column":13}},{"start":{"line":105,"column":19},"end":{"line":113,"column":13}}],"line":92},"4":{"loc":{"start":{"line":92,"column":16},"end":{"line":92,"column":46}},"type":"binary-expr","locations":[{"start":{"line":92,"column":16},"end":{"line":92,"column":29}},{"start":{"line":92,"column":33},"end":{"line":92,"column":46}}],"line":92},"5":{"loc":{"start":{"line":96,"column":16},"end":{"line":104,"column":17}},"type":"if","locations":[{"start":{"line":96,"column":16},"end":{"line":104,"column":17}},{"start":{"line":101,"column":23},"end":{"line":104,"column":17}}],"line":96},"6":{"loc":{"start":{"line":106,"column":16},"end":{"line":112,"column":17}},"type":"if","locations":[{"start":{"line":106,"column":16},"end":{"line":112,"column":17}},{"start":{"line":108,"column":23},"end":{"line":112,"column":17}}],"line":106},"7":{"loc":{"start":{"line":106,"column":20},"end":{"line":106,"column":51}},"type":"binary-expr","locations":[{"start":{"line":106,"column":20},"end":{"line":106,"column":34}},{"start":{"line":106,"column":38},"end":{"line":106,"column":51}}],"line":106},"8":{"loc":{"start":{"line":108,"column":23},"end":{"line":112,"column":17}},"type":"if","locations":[{"start":{"line":108,"column":23},"end":{"line":112,"column":17}},{"start":{"line":110,"column":23},"end":{"line":112,"column":17}}],"line":108},"9":{"loc":{"start":{"line":108,"column":27},"end":{"line":108,"column":58}},"type":"binary-expr","locations":[{"start":{"line":108,"column":27},"end":{"line":108,"column":40}},{"start":{"line":108,"column":44},"end":{"line":108,"column":58}}],"line":108},"10":{"loc":{"start":{"line":126,"column":8},"end":{"line":130,"column":9}},"type":"if","locations":[{"start":{"line":126,"column":8},"end":{"line":130,"column":9}},{"start":{"line":128,"column":15},"end":{"line":130,"column":9}}],"line":126},"11":{"loc":{"start":{"line":149,"column":12},"end":{"line":176,"column":13}},"type":"if","locations":[{"start":{"line":149,"column":12},"end":{"line":176,"column":13}},{"start":{"line":168,"column":19},"end":{"line":176,"column":13}}],"line":149},"12":{"loc":{"start":{"line":149,"column":16},"end":{"line":149,"column":62}},"type":"binary-expr","locations":[{"start":{"line":149,"column":16},"end":{"line":149,"column":37}},{"start":{"line":149,"column":41},"end":{"line":149,"column":62}}],"line":149},"13":{"loc":{"start":{"line":151,"column":16},"end":{"line":167,"column":17}},"type":"if","locations":[{"start":{"line":151,"column":16},"end":{"line":167,"column":17}},{"start":{"line":165,"column":23},"end":{"line":167,"column":17}}],"line":151},"14":{"loc":{"start":{"line":153,"column":20},"end":{"line":164,"column":21}},"type":"if","locations":[{"start":{"line":153,"column":20},"end":{"line":164,"column":21}},{"start":{"line":161,"column":27},"end":{"line":164,"column":21}}],"line":153},"15":{"loc":{"start":{"line":169,"column":16},"end":{"line":175,"column":17}},"type":"if","locations":[{"start":{"line":169,"column":16},"end":{"line":175,"column":17}},{"start":{"line":171,"column":23},"end":{"line":175,"column":17}}],"line":169},"16":{"loc":{"start":{"line":169,"column":20},"end":{"line":169,"column":66}},"type":"binary-expr","locations":[{"start":{"line":169,"column":20},"end":{"line":169,"column":41}},{"start":{"line":169,"column":45},"end":{"line":169,"column":66}}],"line":169},"17":{"loc":{"start":{"line":171,"column":23},"end":{"line":175,"column":17}},"type":"if","locations":[{"start":{"line":171,"column":23},"end":{"line":175,"column":17}},{"start":{"line":173,"column":23},"end":{"line":175,"column":17}}],"line":171},"18":{"loc":{"start":{"line":171,"column":27},"end":{"line":171,"column":73}},"type":"binary-expr","locations":[{"start":{"line":171,"column":27},"end":{"line":171,"column":48}},{"start":{"line":171,"column":52},"end":{"line":171,"column":73}}],"line":171}},"s":{"0":4,"1":4,"2":16,"3":16,"4":16,"5":5,"6":13,"7":6,"8":3,"9":3,"10":6,"11":6,"12":5,"13":3,"14":2,"15":6,"16":6,"17":6,"18":6,"19":6,"20":5,"21":2,"22":2,"23":2,"24":1,"25":1,"26":1,"27":3,"28":1,"29":2,"30":1,"31":1,"32":1,"33":2,"34":1,"35":1,"36":7,"37":7,"38":7,"39":7,"40":7,"41":7,"42":7,"43":6,"44":6,"45":3,"46":3,"47":2,"48":2,"49":1,"50":1,"51":1,"52":1,"53":1,"54":1,"55":1,"56":3,"57":1,"58":2,"59":1,"60":1,"61":1,"62":4},"f":{"0":16,"1":5,"2":13,"3":6,"4":7},"b":{"0":[3,3],"1":[6,6],"2":[3,2],"3":[2,3],"4":[5,3],"5":[1,1],"6":[1,2],"7":[3,2],"8":[1,1],"9":[2,1],"10":[1,1],"11":[3,3],"12":[6,4],"13":[2,1],"14":[1,1],"15":[1,2],"16":[3,2],"17":[1,1],"18":[2,1]},"_coverageSchema":"1a1c01bbd47fc00a2c39e90264f33305004495a9","hash":"5922d4a5274b370d8acbed63341850b929f26ce1"}
,"C:\\Users\\Daniel AF\\Documents\\GitHub\\Comp4350\\RoomHub\\Backend\\src\\Handler\\UserInfoHandler.js": {"path":"C:\\Users\\Daniel AF\\Documents\\GitHub\\Comp4350\\RoomHub\\Backend\\src\\Handler\\UserInfoHandler.js","statementMap":{"0":{"start":{"line":1,"column":17},"end":{"line":1,"column":47}},"1":{"start":{"line":38,"column":8},"end":{"line":38,"column":65}},"2":{"start":{"line":39,"column":8},"end":{"line":39,"column":65}},"3":{"start":{"line":40,"column":8},"end":{"line":40,"column":81}},"4":{"start":{"line":44,"column":8},"end":{"line":44,"column":38}},"5":{"start":{"line":48,"column":8},"end":{"line":48,"column":38}},"6":{"start":{"line":52,"column":8},"end":{"line":52,"column":46}},"7":{"start":{"line":60,"column":8},"end":{"line":62,"column":9}},"8":{"start":{"line":61,"column":12},"end":{"line":61,"column":25}},"9":{"start":{"line":63,"column":8},"end":{"line":63,"column":20}},"10":{"start":{"line":74,"column":8},"end":{"line":84,"column":9}},"11":{"start":{"line":75,"column":28},"end":{"line":75,"column":64}},"12":{"start":{"line":76,"column":12},"end":{"line":79,"column":13}},"13":{"start":{"line":78,"column":16},"end":{"line":78,"column":105}},"14":{"start":{"line":80,"column":25},"end":{"line":80,"column":76}},"15":{"start":{"line":81,"column":12},"end":{"line":81,"column":84}},"16":{"start":{"line":83,"column":12},"end":{"line":83,"column":73}},"17":{"start":{"line":95,"column":8},"end":{"line":118,"column":9}},"18":{"start":{"line":96,"column":26},"end":{"line":96,"column":64}},"19":{"start":{"line":98,"column":12},"end":{"line":115,"column":13}},"20":{"start":{"line":99,"column":16},"end":{"line":99,"column":85}},"21":{"start":{"line":102,"column":27},"end":{"line":102,"column":73}},"22":{"start":{"line":103,"column":16},"end":{"line":114,"column":17}},"23":{"start":{"line":104,"column":20},"end":{"line":104,"column":79}},"24":{"start":{"line":106,"column":34},"end":{"line":106,"column":46}},"25":{"start":{"line":108,"column":20},"end":{"line":113,"column":21}},"26":{"start":{"line":109,"column":24},"end":{"line":109,"column":71}},"27":{"start":{"line":111,"column":42},"end":{"line":111,"column":93}},"28":{"start":{"line":112,"column":24},"end":{"line":112,"column":76}},"29":{"start":{"line":117,"column":12},"end":{"line":117,"column":68}},"30":{"start":{"line":127,"column":8},"end":{"line":153,"column":9}},"31":{"start":{"line":128,"column":26},"end":{"line":128,"column":64}},"32":{"start":{"line":130,"column":12},"end":{"line":150,"column":13}},"33":{"start":{"line":131,"column":16},"end":{"line":131,"column":83}},"34":{"start":{"line":134,"column":27},"end":{"line":134,"column":73}},"35":{"start":{"line":135,"column":16},"end":{"line":149,"column":17}},"36":{"start":{"line":136,"column":20},"end":{"line":136,"column":77}},"37":{"start":{"line":138,"column":39},"end":{"line":138,"column":93}},"38":{"start":{"line":140,"column":37},"end":{"line":140,"column":54}},"39":{"start":{"line":141,"column":33},"end":{"line":141,"column":35}},"40":{"start":{"line":142,"column":20},"end":{"line":147,"column":21}},"41":{"start":{"line":144,"column":24},"end":{"line":144,"column":94}},"42":{"start":{"line":145,"column":41},"end":{"line":145,"column":96}},"43":{"start":{"line":146,"column":24},"end":{"line":146,"column":48}},"44":{"start":{"line":148,"column":20},"end":{"line":148,"column":77}},"45":{"start":{"line":152,"column":12},"end":{"line":152,"column":66}},"46":{"start":{"line":157,"column":0},"end":{"line":157,"column":33}}},"fnMap":{"0":{"name":"(anonymous_0)","decl":{"start":{"line":37,"column":4},"end":{"line":37,"column":5}},"loc":{"start":{"line":37,"column":18},"end":{"line":41,"column":5}},"line":37},"1":{"name":"(anonymous_1)","decl":{"start":{"line":43,"column":4},"end":{"line":43,"column":5}},"loc":{"start":{"line":43,"column":27},"end":{"line":45,"column":5}},"line":43},"2":{"name":"(anonymous_2)","decl":{"start":{"line":47,"column":4},"end":{"line":47,"column":5}},"loc":{"start":{"line":47,"column":27},"end":{"line":49,"column":5}},"line":47},"3":{"name":"(anonymous_3)","decl":{"start":{"line":51,"column":4},"end":{"line":51,"column":5}},"loc":{"start":{"line":51,"column":35},"end":{"line":53,"column":5}},"line":51},"4":{"name":"(anonymous_4)","decl":{"start":{"line":73,"column":4},"end":{"line":73,"column":5}},"loc":{"start":{"line":73,"column":41},"end":{"line":85,"column":5}},"line":73},"5":{"name":"(anonymous_5)","decl":{"start":{"line":94,"column":4},"end":{"line":94,"column":5}},"loc":{"start":{"line":94,"column":43},"end":{"line":119,"column":5}},"line":94},"6":{"name":"(anonymous_6)","decl":{"start":{"line":126,"column":4},"end":{"line":126,"column":5}},"loc":{"start":{"line":126,"column":51},"end":{"line":154,"column":5}},"line":126}},"branchMap":{"0":{"loc":{"start":{"line":60,"column":8},"end":{"line":62,"column":9}},"type":"if","locations":[{"start":{"line":60,"column":8},"end":{"line":62,"column":9}},{"start":{},"end":{}}],"line":60},"1":{"loc":{"start":{"line":76,"column":12},"end":{"line":79,"column":13}},"type":"if","locations":[{"start":{"line":76,"column":12},"end":{"line":79,"column":13}},{"start":{},"end":{}}],"line":76},"2":{"loc":{"start":{"line":98,"column":12},"end":{"line":115,"column":13}},"type":"if","locations":[{"start":{"line":98,"column":12},"end":{"line":115,"column":13}},{"start":{"line":100,"column":19},"end":{"line":115,"column":13}}],"line":98},"3":{"loc":{"start":{"line":103,"column":16},"end":{"line":114,"column":17}},"type":"if","locations":[{"start":{"line":103,"column":16},"end":{"line":114,"column":17}},{"start":{"line":105,"column":23},"end":{"line":114,"column":17}}],"line":103},"4":{"loc":{"start":{"line":108,"column":20},"end":{"line":113,"column":21}},"type":"if","locations":[{"start":{"line":108,"column":20},"end":{"line":113,"column":21}},{"start":{"line":110,"column":27},"end":{"line":113,"column":21}}],"line":108},"5":{"loc":{"start":{"line":130,"column":12},"end":{"line":150,"column":13}},"type":"if","locations":[{"start":{"line":130,"column":12},"end":{"line":150,"column":13}},{"start":{"line":132,"column":19},"end":{"line":150,"column":13}}],"line":130},"6":{"loc":{"start":{"line":135,"column":16},"end":{"line":149,"column":17}},"type":"if","locations":[{"start":{"line":135,"column":16},"end":{"line":149,"column":17}},{"start":{"line":137,"column":23},"end":{"line":149,"column":17}}],"line":135}},"s":{"0":5,"1":17,"2":17,"3":17,"4":8,"5":2,"6":2,"7":10,"8":3,"9":7,"10":3,"11":3,"12":3,"13":1,"14":2,"15":1,"16":1,"17":5,"18":5,"19":4,"20":1,"21":3,"22":3,"23":1,"24":2,"25":2,"26":1,"27":1,"28":1,"29":1,"30":4,"31":4,"32":3,"33":1,"34":2,"35":2,"36":1,"37":1,"38":1,"39":1,"40":1,"41":2,"42":2,"43":2,"44":1,"45":1,"46":5},"f":{"0":17,"1":8,"2":2,"3":2,"4":3,"5":5,"6":4},"b":{"0":[3,7],"1":[1,2],"2":[1,3],"3":[1,2],"4":[1,1],"5":[1,2],"6":[1,1]},"_coverageSchema":"1a1c01bbd47fc00a2c39e90264f33305004495a9","hash":"bd32148e20b61dc62c3d6e9cb5ba0c5066a2be8d"}
,"C:\\Users\\Daniel AF\\Documents\\GitHub\\Comp4350\\RoomHub\\Backend\\src\\Persistence\\NotificationPersistence.js": {"path":"C:\\Users\\Daniel AF\\Documents\\GitHub\\Comp4350\\RoomHub\\Backend\\src\\Persistence\\NotificationPersistence.js","statementMap":{"0":{"start":{"line":1,"column":27},"end":{"line":1,"column":62}},"1":{"start":{"line":8,"column":4},"end":{"line":8,"column":36}},"2":{"start":{"line":9,"column":17},"end":{"line":9,"column":47}},"3":{"start":{"line":10,"column":0},"end":{"line":10,"column":27}},"4":{"start":{"line":40,"column":23},"end":{"line":40,"column":49}},"5":{"start":{"line":42,"column":30},"end":{"line":48,"column":9}},"6":{"start":{"line":50,"column":34},"end":{"line":59,"column":9}},"7":{"start":{"line":62,"column":8},"end":{"line":66,"column":9}},"8":{"start":{"line":63,"column":12},"end":{"line":63,"column":67}},"9":{"start":{"line":65,"column":12},"end":{"line":65,"column":63}},"10":{"start":{"line":68,"column":8},"end":{"line":68,"column":71}},"11":{"start":{"line":69,"column":8},"end":{"line":69,"column":43}},"12":{"start":{"line":73,"column":8},"end":{"line":73,"column":32}},"13":{"start":{"line":77,"column":8},"end":{"line":77,"column":32}},"14":{"start":{"line":86,"column":28},"end":{"line":91,"column":10}},"15":{"start":{"line":92,"column":25},"end":{"line":92,"column":65}},"16":{"start":{"line":94,"column":22},"end":{"line":94,"column":43}},"17":{"start":{"line":95,"column":19},"end":{"line":95,"column":37}},"18":{"start":{"line":96,"column":19},"end":{"line":96,"column":37}},"19":{"start":{"line":97,"column":8},"end":{"line":99,"column":9}},"20":{"start":{"line":98,"column":12},"end":{"line":98,"column":67}},"21":{"start":{"line":101,"column":8},"end":{"line":101,"column":83}},"22":{"start":{"line":116,"column":8},"end":{"line":140,"column":9}},"23":{"start":{"line":118,"column":32},"end":{"line":130,"column":14}},"24":{"start":{"line":132,"column":12},"end":{"line":132,"column":53}},"25":{"start":{"line":133,"column":12},"end":{"line":133,"column":29}},"26":{"start":{"line":135,"column":12},"end":{"line":139,"column":13}},"27":{"start":{"line":136,"column":16},"end":{"line":136,"column":32}},"28":{"start":{"line":138,"column":16},"end":{"line":138,"column":28}},"29":{"start":{"line":148,"column":31},"end":{"line":162,"column":10}},"30":{"start":{"line":164,"column":8},"end":{"line":164,"column":52}},"31":{"start":{"line":172,"column":31},"end":{"line":177,"column":10}},"32":{"start":{"line":179,"column":8},"end":{"line":179,"column":52}},"33":{"start":{"line":183,"column":0},"end":{"line":183,"column":41}}},"fnMap":{"0":{"name":"(anonymous_0)","decl":{"start":{"line":38,"column":4},"end":{"line":38,"column":5}},"loc":{"start":{"line":38,"column":18},"end":{"line":70,"column":5}},"line":38},"1":{"name":"(anonymous_1)","decl":{"start":{"line":72,"column":4},"end":{"line":72,"column":5}},"loc":{"start":{"line":72,"column":21},"end":{"line":74,"column":5}},"line":72},"2":{"name":"(anonymous_2)","decl":{"start":{"line":76,"column":4},"end":{"line":76,"column":5}},"loc":{"start":{"line":76,"column":21},"end":{"line":78,"column":5}},"line":76},"3":{"name":"(anonymous_3)","decl":{"start":{"line":85,"column":4},"end":{"line":85,"column":5}},"loc":{"start":{"line":85,"column":33},"end":{"line":102,"column":5}},"line":85},"4":{"name":"(anonymous_4)","decl":{"start":{"line":115,"column":4},"end":{"line":115,"column":5}},"loc":{"start":{"line":115,"column":84},"end":{"line":141,"column":5}},"line":115},"5":{"name":"(anonymous_5)","decl":{"start":{"line":147,"column":4},"end":{"line":147,"column":5}},"loc":{"start":{"line":147,"column":47},"end":{"line":165,"column":5}},"line":147},"6":{"name":"(anonymous_6)","decl":{"start":{"line":171,"column":4},"end":{"line":171,"column":5}},"loc":{"start":{"line":171,"column":47},"end":{"line":180,"column":5}},"line":171}},"branchMap":{"0":{"loc":{"start":{"line":62,"column":8},"end":{"line":66,"column":9}},"type":"if","locations":[{"start":{"line":62,"column":8},"end":{"line":66,"column":9}},{"start":{"line":64,"column":15},"end":{"line":66,"column":9}}],"line":62},"1":{"loc":{"start":{"line":97,"column":8},"end":{"line":99,"column":9}},"type":"if","locations":[{"start":{"line":97,"column":8},"end":{"line":99,"column":9}},{"start":{},"end":{}}],"line":97},"2":{"loc":{"start":{"line":97,"column":12},"end":{"line":97,"column":51}},"type":"binary-expr","locations":[{"start":{"line":97,"column":12},"end":{"line":97,"column":33}},{"start":{"line":97,"column":37},"end":{"line":97,"column":51}}],"line":97},"3":{"loc":{"start":{"line":135,"column":12},"end":{"line":139,"column":13}},"type":"if","locations":[{"start":{"line":135,"column":12},"end":{"line":139,"column":13}},{"start":{"line":137,"column":19},"end":{"line":139,"column":13}}],"line":135}},"s":{"0":6,"1":6,"2":6,"3":6,"4":9,"5":9,"6":9,"7":9,"8":9,"9":0,"10":9,"11":9,"12":0,"13":0,"14":2,"15":2,"16":2,"17":2,"18":2,"19":2,"20":1,"21":1,"22":2,"23":2,"24":2,"25":1,"26":1,"27":1,"28":0,"29":1,"30":1,"31":1,"32":1,"33":6},"f":{"0":9,"1":0,"2":0,"3":2,"4":2,"5":1,"6":1},"b":{"0":[9,0],"1":[1,1],"2":[2,2],"3":[1,0]},"_coverageSchema":"1a1c01bbd47fc00a2c39e90264f33305004495a9","hash":"27a0fd4498196605a276277ea3c29eed982b6895"}
,"C:\\Users\\Daniel AF\\Documents\\GitHub\\Comp4350\\RoomHub\\Backend\\src\\Persistence\\RoomPersistence.js": {"path":"C:\\Users\\Daniel AF\\Documents\\GitHub\\Comp4350\\RoomHub\\Backend\\src\\Persistence\\RoomPersistence.js","statementMap":{"0":{"start":{"line":1,"column":27},"end":{"line":1,"column":62}},"1":{"start":{"line":2,"column":74},"end":{"line":2,"column":106}},"2":{"start":{"line":3,"column":0},"end":{"line":3,"column":27}},"3":{"start":{"line":34,"column":23},"end":{"line":34,"column":49}},"4":{"start":{"line":36,"column":30},"end":{"line":42,"column":9}},"5":{"start":{"line":44,"column":34},"end":{"line":53,"column":9}},"6":{"start":{"line":56,"column":8},"end":{"line":60,"column":9}},"7":{"start":{"line":57,"column":12},"end":{"line":57,"column":67}},"8":{"start":{"line":59,"column":12},"end":{"line":59,"column":63}},"9":{"start":{"line":64,"column":8},"end":{"line":64,"column":71}},"10":{"start":{"line":65,"column":8},"end":{"line":65,"column":34}},"11":{"start":{"line":69,"column":8},"end":{"line":69,"column":32}},"12":{"start":{"line":73,"column":8},"end":{"line":73,"column":32}},"13":{"start":{"line":82,"column":28},"end":{"line":87,"column":10}},"14":{"start":{"line":88,"column":25},"end":{"line":88,"column":65}},"15":{"start":{"line":90,"column":24},"end":{"line":90,"column":42}},"16":{"start":{"line":91,"column":8},"end":{"line":93,"column":9}},"17":{"start":{"line":92,"column":12},"end":{"line":92,"column":77}},"18":{"start":{"line":94,"column":8},"end":{"line":94,"column":25}},"19":{"start":{"line":105,"column":8},"end":{"line":124,"column":9}},"20":{"start":{"line":107,"column":32},"end":{"line":115,"column":14}},"21":{"start":{"line":116,"column":12},"end":{"line":116,"column":53}},"22":{"start":{"line":117,"column":12},"end":{"line":117,"column":29}},"23":{"start":{"line":119,"column":12},"end":{"line":123,"column":13}},"24":{"start":{"line":120,"column":16},"end":{"line":120,"column":32}},"25":{"start":{"line":122,"column":16},"end":{"line":122,"column":28}},"26":{"start":{"line":133,"column":31},"end":{"line":146,"column":10}},"27":{"start":{"line":147,"column":8},"end":{"line":147,"column":52}},"28":{"start":{"line":151,"column":0},"end":{"line":151,"column":33}}},"fnMap":{"0":{"name":"(anonymous_0)","decl":{"start":{"line":32,"column":4},"end":{"line":32,"column":5}},"loc":{"start":{"line":32,"column":18},"end":{"line":66,"column":5}},"line":32},"1":{"name":"(anonymous_1)","decl":{"start":{"line":68,"column":4},"end":{"line":68,"column":5}},"loc":{"start":{"line":68,"column":21},"end":{"line":70,"column":5}},"line":68},"2":{"name":"(anonymous_2)","decl":{"start":{"line":72,"column":4},"end":{"line":72,"column":5}},"loc":{"start":{"line":72,"column":21},"end":{"line":74,"column":5}},"line":72},"3":{"name":"(anonymous_3)","decl":{"start":{"line":81,"column":4},"end":{"line":81,"column":5}},"loc":{"start":{"line":81,"column":33},"end":{"line":95,"column":5}},"line":81},"4":{"name":"(anonymous_4)","decl":{"start":{"line":104,"column":4},"end":{"line":104,"column":5}},"loc":{"start":{"line":104,"column":59},"end":{"line":125,"column":5}},"line":104},"5":{"name":"(anonymous_5)","decl":{"start":{"line":132,"column":4},"end":{"line":132,"column":5}},"loc":{"start":{"line":132,"column":53},"end":{"line":148,"column":5}},"line":132}},"branchMap":{"0":{"loc":{"start":{"line":56,"column":8},"end":{"line":60,"column":9}},"type":"if","locations":[{"start":{"line":56,"column":8},"end":{"line":60,"column":9}},{"start":{"line":58,"column":15},"end":{"line":60,"column":9}}],"line":56},"1":{"loc":{"start":{"line":91,"column":8},"end":{"line":93,"column":9}},"type":"if","locations":[{"start":{"line":91,"column":8},"end":{"line":93,"column":9}},{"start":{},"end":{}}],"line":91},"2":{"loc":{"start":{"line":119,"column":12},"end":{"line":123,"column":13}},"type":"if","locations":[{"start":{"line":119,"column":12},"end":{"line":123,"column":13}},{"start":{"line":121,"column":19},"end":{"line":123,"column":13}}],"line":119}},"s":{"0":7,"1":7,"2":7,"3":8,"4":8,"5":8,"6":8,"7":8,"8":0,"9":8,"10":8,"11":0,"12":0,"13":2,"14":2,"15":2,"16":2,"17":1,"18":1,"19":2,"20":2,"21":2,"22":1,"23":1,"24":1,"25":0,"26":1,"27":1,"28":7},"f":{"0":8,"1":0,"2":0,"3":2,"4":2,"5":1},"b":{"0":[8,0],"1":[1,1],"2":[1,0]},"_coverageSchema":"1a1c01bbd47fc00a2c39e90264f33305004495a9","hash":"89d962a28601899ba2d61d1211f9df4e2ad29e1c"}
,"C:\\Users\\Daniel AF\\Documents\\GitHub\\Comp4350\\RoomHub\\Backend\\src\\Persistence\\UserPersistence.js": {"path":"C:\\Users\\Daniel AF\\Documents\\GitHub\\Comp4350\\RoomHub\\Backend\\src\\Persistence\\UserPersistence.js","statementMap":{"0":{"start":{"line":1,"column":27},"end":{"line":1,"column":62}},"1":{"start":{"line":2,"column":74},"end":{"line":2,"column":106}},"2":{"start":{"line":3,"column":0},"end":{"line":3,"column":27}},"3":{"start":{"line":34,"column":23},"end":{"line":34,"column":49}},"4":{"start":{"line":36,"column":30},"end":{"line":42,"column":9}},"5":{"start":{"line":44,"column":34},"end":{"line":53,"column":9}},"6":{"start":{"line":56,"column":8},"end":{"line":60,"column":9}},"7":{"start":{"line":57,"column":12},"end":{"line":57,"column":67}},"8":{"start":{"line":59,"column":12},"end":{"line":59,"column":63}},"9":{"start":{"line":63,"column":8},"end":{"line":63,"column":71}},"10":{"start":{"line":64,"column":8},"end":{"line":64,"column":35}},"11":{"start":{"line":68,"column":8},"end":{"line":68,"column":32}},"12":{"start":{"line":72,"column":8},"end":{"line":72,"column":32}},"13":{"start":{"line":81,"column":8},"end":{"line":99,"column":9}},"14":{"start":{"line":83,"column":32},"end":{"line":89,"column":14}},"15":{"start":{"line":91,"column":12},"end":{"line":91,"column":53}},"16":{"start":{"line":92,"column":12},"end":{"line":92,"column":73}},"17":{"start":{"line":94,"column":12},"end":{"line":98,"column":13}},"18":{"start":{"line":95,"column":16},"end":{"line":95,"column":80}},"19":{"start":{"line":97,"column":16},"end":{"line":97,"column":28}},"20":{"start":{"line":109,"column":28},"end":{"line":114,"column":10}},"21":{"start":{"line":115,"column":25},"end":{"line":115,"column":65}},"22":{"start":{"line":117,"column":19},"end":{"line":117,"column":32}},"23":{"start":{"line":119,"column":8},"end":{"line":123,"column":9}},"24":{"start":{"line":120,"column":12},"end":{"line":120,"column":24}},"25":{"start":{"line":122,"column":12},"end":{"line":122,"column":33}},"26":{"start":{"line":132,"column":28},"end":{"line":137,"column":10}},"27":{"start":{"line":138,"column":25},"end":{"line":138,"column":65}},"28":{"start":{"line":140,"column":22},"end":{"line":140,"column":43}},"29":{"start":{"line":141,"column":8},"end":{"line":143,"column":9}},"30":{"start":{"line":142,"column":12},"end":{"line":142,"column":71}},"31":{"start":{"line":144,"column":8},"end":{"line":144,"column":23}},"32":{"start":{"line":153,"column":28},"end":{"line":158,"column":10}},"33":{"start":{"line":159,"column":25},"end":{"line":159,"column":65}},"34":{"start":{"line":161,"column":27},"end":{"line":161,"column":53}},"35":{"start":{"line":162,"column":8},"end":{"line":165,"column":9}},"36":{"start":{"line":164,"column":12},"end":{"line":164,"column":39}},"37":{"start":{"line":166,"column":8},"end":{"line":166,"column":28}},"38":{"start":{"line":175,"column":31},"end":{"line":189,"column":10}},"39":{"start":{"line":191,"column":8},"end":{"line":191,"column":52}},"40":{"start":{"line":200,"column":31},"end":{"line":211,"column":10}},"41":{"start":{"line":213,"column":8},"end":{"line":213,"column":52}},"42":{"start":{"line":222,"column":31},"end":{"line":233,"column":10}},"43":{"start":{"line":235,"column":8},"end":{"line":235,"column":52}},"44":{"start":{"line":239,"column":0},"end":{"line":239,"column":33}}},"fnMap":{"0":{"name":"(anonymous_0)","decl":{"start":{"line":32,"column":4},"end":{"line":32,"column":5}},"loc":{"start":{"line":32,"column":18},"end":{"line":65,"column":5}},"line":32},"1":{"name":"(anonymous_1)","decl":{"start":{"line":67,"column":4},"end":{"line":67,"column":5}},"loc":{"start":{"line":67,"column":21},"end":{"line":69,"column":5}},"line":67},"2":{"name":"(anonymous_2)","decl":{"start":{"line":71,"column":4},"end":{"line":71,"column":5}},"loc":{"start":{"line":71,"column":21},"end":{"line":73,"column":5}},"line":71},"3":{"name":"(anonymous_3)","decl":{"start":{"line":80,"column":4},"end":{"line":80,"column":5}},"loc":{"start":{"line":80,"column":35},"end":{"line":100,"column":5}},"line":80},"4":{"name":"(anonymous_4)","decl":{"start":{"line":107,"column":4},"end":{"line":107,"column":5}},"loc":{"start":{"line":107,"column":28},"end":{"line":124,"column":5}},"line":107},"5":{"name":"(anonymous_5)","decl":{"start":{"line":131,"column":4},"end":{"line":131,"column":5}},"loc":{"start":{"line":131,"column":31},"end":{"line":145,"column":5}},"line":131},"6":{"name":"(anonymous_6)","decl":{"start":{"line":152,"column":4},"end":{"line":152,"column":5}},"loc":{"start":{"line":152,"column":36},"end":{"line":167,"column":5}},"line":152},"7":{"name":"(anonymous_7)","decl":{"start":{"line":174,"column":4},"end":{"line":174,"column":5}},"loc":{"start":{"line":174,"column":55},"end":{"line":192,"column":5}},"line":174},"8":{"name":"(anonymous_8)","decl":{"start":{"line":199,"column":4},"end":{"line":199,"column":5}},"loc":{"start":{"line":199,"column":45},"end":{"line":214,"column":5}},"line":199},"9":{"name":"(anonymous_9)","decl":{"start":{"line":221,"column":4},"end":{"line":221,"column":5}},"loc":{"start":{"line":221,"column":60},"end":{"line":236,"column":5}},"line":221}},"branchMap":{"0":{"loc":{"start":{"line":56,"column":8},"end":{"line":60,"column":9}},"type":"if","locations":[{"start":{"line":56,"column":8},"end":{"line":60,"column":9}},{"start":{"line":58,"column":15},"end":{"line":60,"column":9}}],"line":56},"1":{"loc":{"start":{"line":94,"column":12},"end":{"line":98,"column":13}},"type":"if","locations":[{"start":{"line":94,"column":12},"end":{"line":98,"column":13}},{"start":{"line":96,"column":19},"end":{"line":98,"column":13}}],"line":94},"2":{"loc":{"start":{"line":119,"column":8},"end":{"line":123,"column":9}},"type":"if","locations":[{"start":{"line":119,"column":8},"end":{"line":123,"column":9}},{"start":{"line":121,"column":15},"end":{"line":123,"column":9}}],"line":119},"3":{"loc":{"start":{"line":141,"column":8},"end":{"line":143,"column":9}},"type":"if","locations":[{"start":{"line":141,"column":8},"end":{"line":143,"column":9}},{"start":{},"end":{}}],"line":141},"4":{"loc":{"start":{"line":162,"column":8},"end":{"line":165,"column":9}},"type":"if","locations":[{"start":{"line":162,"column":8},"end":{"line":165,"column":9}},{"start":{},"end":{}}],"line":162}},"s":{"0":6,"1":6,"2":6,"3":12,"4":12,"5":12,"6":12,"7":12,"8":0,"9":12,"10":12,"11":0,"12":0,"13":2,"14":2,"15":2,"16":1,"17":1,"18":1,"19":0,"20":2,"21":2,"22":2,"23":2,"24":1,"25":1,"26":2,"27":2,"28":2,"29":2,"30":1,"31":1,"32":2,"33":2,"34":2,"35":2,"36":1,"37":2,"38":1,"39":1,"40":1,"41":1,"42":1,"43":1,"44":6},"f":{"0":12,"1":0,"2":0,"3":2,"4":2,"5":2,"6":2,"7":1,"8":1,"9":1},"b":{"0":[12,0],"1":[1,0],"2":[1,1],"3":[1,1],"4":[1,1]},"_coverageSchema":"1a1c01bbd47fc00a2c39e90264f33305004495a9","hash":"9e2300575f25d00e075e64174650b43641f018e6"}
,"C:\\Users\\Daniel AF\\Documents\\GitHub\\Comp4350\\RoomHub\\Backend\\src\\Utility\\Services.js": {"path":"C:\\Users\\Daniel AF\\Documents\\GitHub\\Comp4350\\RoomHub\\Backend\\src\\Utility\\Services.js","statementMap":{"0":{"start":{"line":7,"column":24},"end":{"line":7,"column":65}},"1":{"start":{"line":8,"column":24},"end":{"line":8,"column":65}},"2":{"start":{"line":10,"column":32},"end":{"line":10,"column":81}},"3":{"start":{"line":18,"column":31},"end":{"line":18,"column":35}},"4":{"start":{"line":19,"column":31},"end":{"line":19,"column":35}},"5":{"start":{"line":20,"column":39},"end":{"line":20,"column":43}},"6":{"start":{"line":23,"column":8},"end":{"line":25,"column":9}},"7":{"start":{"line":24,"column":12},"end":{"line":24,"column":59}},"8":{"start":{"line":27,"column":8},"end":{"line":27,"column":38}},"9":{"start":{"line":31,"column":8},"end":{"line":33,"column":9}},"10":{"start":{"line":32,"column":12},"end":{"line":32,"column":59}},"11":{"start":{"line":35,"column":8},"end":{"line":35,"column":38}},"12":{"start":{"line":39,"column":8},"end":{"line":41,"column":9}},"13":{"start":{"line":40,"column":12},"end":{"line":40,"column":75}},"14":{"start":{"line":43,"column":8},"end":{"line":43,"column":46}},"15":{"start":{"line":47,"column":0},"end":{"line":47,"column":26}}},"fnMap":{"0":{"name":"(anonymous_0)","decl":{"start":{"line":22,"column":4},"end":{"line":22,"column":5}},"loc":{"start":{"line":22,"column":34},"end":{"line":28,"column":5}},"line":22},"1":{"name":"(anonymous_1)","decl":{"start":{"line":30,"column":4},"end":{"line":30,"column":5}},"loc":{"start":{"line":30,"column":34},"end":{"line":36,"column":5}},"line":30},"2":{"name":"(anonymous_2)","decl":{"start":{"line":38,"column":4},"end":{"line":38,"column":5}},"loc":{"start":{"line":38,"column":42},"end":{"line":44,"column":5}},"line":38}},"branchMap":{"0":{"loc":{"start":{"line":23,"column":8},"end":{"line":25,"column":9}},"type":"if","locations":[{"start":{"line":23,"column":8},"end":{"line":25,"column":9}},{"start":{},"end":{}}],"line":23},"1":{"loc":{"start":{"line":31,"column":8},"end":{"line":33,"column":9}},"type":"if","locations":[{"start":{"line":31,"column":8},"end":{"line":33,"column":9}},{"start":{},"end":{}}],"line":31},"2":{"loc":{"start":{"line":39,"column":8},"end":{"line":41,"column":9}},"type":"if","locations":[{"start":{"line":39,"column":8},"end":{"line":41,"column":9}},{"start":{},"end":{}}],"line":39}},"s":{"0":6,"1":6,"2":6,"3":6,"4":6,"5":6,"6":10,"7":5,"8":10,"9":7,"10":5,"11":7,"12":10,"13":5,"14":10,"15":6},"f":{"0":10,"1":7,"2":10},"b":{"0":[5,5],"1":[5,2],"2":[5,5]},"_coverageSchema":"1a1c01bbd47fc00a2c39e90264f33305004495a9","hash":"344c154f2d32953d1f829a66dde795b5e1a3af4f"}
,"C:\\Users\\Daniel AF\\Documents\\GitHub\\Comp4350\\RoomHub\\Backend\\src\\router\\Notification.js": {"path":"C:\\Users\\Daniel AF\\Documents\\GitHub\\Comp4350\\RoomHub\\Backend\\src\\router\\Notification.js","statementMap":{"0":{"start":{"line":5,"column":16},"end":{"line":5,"column":34}},"1":{"start":{"line":6,"column":15},"end":{"line":6,"column":31}},"2":{"start":{"line":7,"column":27},"end":{"line":7,"column":68}},"3":{"start":{"line":9,"column":29},"end":{"line":9,"column":53}},"4":{"start":{"line":24,"column":0},"end":{"line":26,"column":3}},"5":{"start":{"line":25,"column":4},"end":{"line":25,"column":55}},"6":{"start":{"line":28,"column":0},"end":{"line":30,"column":3}},"7":{"start":{"line":29,"column":4},"end":{"line":29,"column":75}},"8":{"start":{"line":32,"column":0},"end":{"line":32,"column":24}}},"fnMap":{"0":{"name":"(anonymous_0)","decl":{"start":{"line":24,"column":34},"end":{"line":24,"column":35}},"loc":{"start":{"line":24,"column":48},"end":{"line":26,"column":1}},"line":24},"1":{"name":"(anonymous_1)","decl":{"start":{"line":28,"column":16},"end":{"line":28,"column":17}},"loc":{"start":{"line":28,"column":30},"end":{"line":30,"column":1}},"line":28}},"branchMap":{},"s":{"0":4,"1":4,"2":4,"3":4,"4":4,"5":1,"6":4,"7":1,"8":4},"f":{"0":1,"1":1},"b":{},"_coverageSchema":"1a1c01bbd47fc00a2c39e90264f33305004495a9","hash":"6a5ba0e1641cc241fff6f33164874a4bf9b25c3a"}
,"C:\\Users\\Daniel AF\\Documents\\GitHub\\Comp4350\\RoomHub\\Backend\\src\\router\\Room.js": {"path":"C:\\Users\\Daniel AF\\Documents\\GitHub\\Comp4350\\RoomHub\\Backend\\src\\router\\Room.js","statementMap":{"0":{"start":{"line":5,"column":16},"end":{"line":5,"column":34}},"1":{"start":{"line":6,"column":15},"end":{"line":6,"column":31}},"2":{"start":{"line":7,"column":20},"end":{"line":7,"column":53}},"3":{"start":{"line":9,"column":21},"end":{"line":9,"column":38}},"4":{"start":{"line":23,"column":0},"end":{"line":25,"column":3}},"5":{"start":{"line":24,"column":4},"end":{"line":24,"column":39}},"6":{"start":{"line":44,"column":0},"end":{"line":46,"column":3}},"7":{"start":{"line":45,"column":4},"end":{"line":45,"column":40}},"8":{"start":{"line":48,"column":0},"end":{"line":50,"column":3}},"9":{"start":{"line":49,"column":4},"end":{"line":49,"column":67}},"10":{"start":{"line":52,"column":0},"end":{"line":52,"column":24}}},"fnMap":{"0":{"name":"(anonymous_0)","decl":{"start":{"line":23,"column":28},"end":{"line":23,"column":29}},"loc":{"start":{"line":23,"column":42},"end":{"line":25,"column":1}},"line":23},"1":{"name":"(anonymous_1)","decl":{"start":{"line":44,"column":29},"end":{"line":44,"column":30}},"loc":{"start":{"line":44,"column":43},"end":{"line":46,"column":1}},"line":44},"2":{"name":"(anonymous_2)","decl":{"start":{"line":48,"column":16},"end":{"line":48,"column":17}},"loc":{"start":{"line":48,"column":30},"end":{"line":50,"column":1}},"line":48}},"branchMap":{},"s":{"0":4,"1":4,"2":4,"3":4,"4":4,"5":1,"6":4,"7":1,"8":4,"9":1,"10":4},"f":{"0":1,"1":1,"2":1},"b":{},"_coverageSchema":"1a1c01bbd47fc00a2c39e90264f33305004495a9","hash":"45e9d7227149874400af12105d9f77a16131157a"}
,"C:\\Users\\Daniel AF\\Documents\\GitHub\\Comp4350\\RoomHub\\Backend\\src\\router\\User.js": {"path":"C:\\Users\\Daniel AF\\Documents\\GitHub\\Comp4350\\RoomHub\\Backend\\src\\router\\User.js","statementMap":{"0":{"start":{"line":9,"column":16},"end":{"line":9,"column":34}},"1":{"start":{"line":10,"column":15},"end":{"line":10,"column":31}},"2":{"start":{"line":11,"column":24},"end":{"line":11,"column":61}},"3":{"start":{"line":13,"column":26},"end":{"line":13,"column":47}},"4":{"start":{"line":26,"column":0},"end":{"line":28,"column":3}},"5":{"start":{"line":27,"column":4},"end":{"line":27,"column":44}},"6":{"start":{"line":42,"column":0},"end":{"line":44,"column":3}},"7":{"start":{"line":43,"column":4},"end":{"line":43,"column":46}},"8":{"start":{"line":72,"column":0},"end":{"line":74,"column":3}},"9":{"start":{"line":73,"column":4},"end":{"line":73,"column":54}},"10":{"start":{"line":76,"column":0},"end":{"line":78,"column":3}},"11":{"start":{"line":77,"column":4},"end":{"line":77,"column":67}},"12":{"start":{"line":80,"column":0},"end":{"line":80,"column":24}}},"fnMap":{"0":{"name":"(anonymous_0)","decl":{"start":{"line":26,"column":25},"end":{"line":26,"column":26}},"loc":{"start":{"line":26,"column":39},"end":{"line":28,"column":1}},"line":26},"1":{"name":"(anonymous_1)","decl":{"start":{"line":42,"column":28},"end":{"line":42,"column":29}},"loc":{"start":{"line":42,"column":42},"end":{"line":44,"column":1}},"line":42},"2":{"name":"(anonymous_2)","decl":{"start":{"line":72,"column":36},"end":{"line":72,"column":37}},"loc":{"start":{"line":72,"column":50},"end":{"line":74,"column":1}},"line":72},"3":{"name":"(anonymous_3)","decl":{"start":{"line":76,"column":16},"end":{"line":76,"column":17}},"loc":{"start":{"line":76,"column":30},"end":{"line":78,"column":1}},"line":76}},"branchMap":{},"s":{"0":5,"1":5,"2":5,"3":5,"4":5,"5":1,"6":5,"7":1,"8":5,"9":1,"10":5,"11":2,"12":5},"f":{"0":1,"1":1,"2":1,"3":2},"b":{},"_coverageSchema":"1a1c01bbd47fc00a2c39e90264f33305004495a9","hash":"c2fa700cbe8d76065b7eef80fa59ba14d7089534"}
,"C:\\Users\\Daniel AF\\Documents\\GitHub\\Comp4350\\RoomHub\\Backend\\src\\router\\index.js": {"path":"C:\\Users\\Daniel AF\\Documents\\GitHub\\Comp4350\\RoomHub\\Backend\\src\\router\\index.js","statementMap":{"0":{"start":{"line":1,"column":29},"end":{"line":1,"column":62}},"1":{"start":{"line":2,"column":16},"end":{"line":2,"column":34}},"2":{"start":{"line":3,"column":13},"end":{"line":3,"column":30}},"3":{"start":{"line":4,"column":13},"end":{"line":4,"column":30}},"4":{"start":{"line":5,"column":21},"end":{"line":5,"column":46}},"5":{"start":{"line":6,"column":13},"end":{"line":6,"column":28}},"6":{"start":{"line":8,"column":0},"end":{"line":8,"column":27}},"7":{"start":{"line":11,"column":12},"end":{"line":11,"column":21}},"8":{"start":{"line":13,"column":0},"end":{"line":13,"column":16}},"9":{"start":{"line":14,"column":0},"end":{"line":14,"column":24}},"10":{"start":{"line":15,"column":0},"end":{"line":15,"column":23}},"11":{"start":{"line":16,"column":0},"end":{"line":16,"column":23}},"12":{"start":{"line":17,"column":0},"end":{"line":17,"column":39}},"13":{"start":{"line":19,"column":0},"end":{"line":21,"column":3}},"14":{"start":{"line":20,"column":4},"end":{"line":20,"column":60}},"15":{"start":{"line":23,"column":15},"end":{"line":23,"column":53}},"16":{"start":{"line":26,"column":0},"end":{"line":28,"column":2}},"17":{"start":{"line":27,"column":4},"end":{"line":27,"column":55}},"18":{"start":{"line":31,"column":0},"end":{"line":31,"column":21}}},"fnMap":{"0":{"name":"(anonymous_0)","decl":{"start":{"line":19,"column":13},"end":{"line":19,"column":14}},"loc":{"start":{"line":19,"column":33},"end":{"line":21,"column":1}},"line":19},"1":{"name":"(anonymous_1)","decl":{"start":{"line":26,"column":18},"end":{"line":26,"column":19}},"loc":{"start":{"line":26,"column":38},"end":{"line":28,"column":1}},"line":26}},"branchMap":{},"s":{"0":4,"1":4,"2":4,"3":4,"4":4,"5":4,"6":4,"7":4,"8":4,"9":4,"10":4,"11":4,"12":4,"13":4,"14":1,"15":4,"16":4,"17":0,"18":4},"f":{"0":1,"1":0},"b":{},"_coverageSchema":"1a1c01bbd47fc00a2c39e90264f33305004495a9","hash":"a722962f29747de046cda53f239f66ef64e782ff"}
,"C:\\Users\\Daniel AF\\Documents\\GitHub\\Comp4350\\RoomHub\\Backend\\test\\Integration-tests\\DbSetup.js": {"path":"C:\\Users\\Daniel AF\\Documents\\GitHub\\Comp4350\\RoomHub\\Backend\\test\\Integration-tests\\DbSetup.js","statementMap":{"0":{"start":{"line":1,"column":27},"end":{"line":1,"column":62}},"1":{"start":{"line":2,"column":74},"end":{"line":2,"column":106}},"2":{"start":{"line":4,"column":26},"end":{"line":13,"column":1}},"3":{"start":{"line":15,"column":21},"end":{"line":15,"column":58}},"4":{"start":{"line":16,"column":17},"end":{"line":16,"column":60}},"5":{"start":{"line":17,"column":17},"end":{"line":17,"column":23}},"6":{"start":{"line":20,"column":4},"end":{"line":103,"column":5}},"7":{"start":{"line":22,"column":33},"end":{"line":29,"column":10}},"8":{"start":{"line":31,"column":34},"end":{"line":36,"column":10}},"9":{"start":{"line":37,"column":34},"end":{"line":42,"column":10}},"10":{"start":{"line":43,"column":8},"end":{"line":43,"column":48}},"11":{"start":{"line":44,"column":8},"end":{"line":44,"column":49}},"12":{"start":{"line":45,"column":8},"end":{"line":45,"column":49}},"13":{"start":{"line":48,"column":33},"end":{"line":55,"column":10}},"14":{"start":{"line":57,"column":34},"end":{"line":62,"column":10}},"15":{"start":{"line":63,"column":8},"end":{"line":63,"column":48}},"16":{"start":{"line":64,"column":8},"end":{"line":64,"column":49}},"17":{"start":{"line":67,"column":41},"end":{"line":78,"column":10}},"18":{"start":{"line":79,"column":42},"end":{"line":90,"column":10}},"19":{"start":{"line":92,"column":42},"end":{"line":97,"column":10}},"20":{"start":{"line":98,"column":8},"end":{"line":98,"column":56}},"21":{"start":{"line":99,"column":8},"end":{"line":99,"column":57}},"22":{"start":{"line":100,"column":8},"end":{"line":100,"column":57}},"23":{"start":{"line":102,"column":8},"end":{"line":102,"column":65}},"24":{"start":{"line":107,"column":0},"end":{"line":109,"column":2}}},"fnMap":{"0":{"name":"populate_db","decl":{"start":{"line":19,"column":15},"end":{"line":19,"column":26}},"loc":{"start":{"line":19,"column":29},"end":{"line":104,"column":1}},"line":19}},"branchMap":{},"s":{"0":3,"1":3,"2":3,"3":3,"4":3,"5":3,"6":14,"7":14,"8":14,"9":14,"10":14,"11":14,"12":14,"13":14,"14":14,"15":14,"16":14,"17":14,"18":14,"19":14,"20":14,"21":14,"22":14,"23":0,"24":3},"f":{"0":14},"b":{},"_coverageSchema":"1a1c01bbd47fc00a2c39e90264f33305004495a9","hash":"fb75840382292963b7235aef22f1b6e86472babe"}
}
