TN:
SF:src\Handler\NotificationHandler.js
FN:30,(anonymous_0)
FN:35,(anonymous_1)
FN:39,(anonymous_2)
FN:68,(anonymous_3)
FN:124,(anonymous_4)
FN:137,(anonymous_5)
FN:146,(anonymous_6)
FNF:7
FNH:5
FNDA:9,(anonymous_0)
FNDA:4,(anonymous_1)
FNDA:17,(anonymous_2)
FNDA:6,(anonymous_3)
FNDA:5,(anonymous_4)
FNDA:0,(anonymous_5)
FNDA:0,(anonymous_6)
DA:1,4
DA:2,4
DA:31,9
DA:32,9
DA:36,4
DA:40,17
DA:49,5
DA:50,5
DA:52,0
DA:56,6
DA:57,1
DA:59,5
DA:69,6
DA:70,6
DA:71,6
DA:72,6
DA:73,6
DA:75,6
DA:76,1
DA:80,6
DA:82,5
DA:84,5
DA:85,1
DA:87,5
DA:88,5
DA:89,5
DA:90,5
DA:92,5
DA:94,5
DA:104,5
DA:107,3
DA:108,3
DA:110,2
DA:113,1
DA:125,5
DA:126,0
DA:128,5
DA:138,0
DA:147,0
DA:151,4
LF:40
LH:36
BRDA:49,0,0,5
BRDA:49,0,1,0
BRDA:56,1,0,1
BRDA:56,1,1,5
BRDA:56,2,0,6
BRDA:56,2,1,5
BRDA:75,3,0,1
BRDA:75,3,1,5
BRDA:84,4,0,1
BRDA:84,4,1,4
BRDA:84,5,0,5
BRDA:84,5,1,4
BRDA:90,6,0,5
BRDA:90,6,1,0
BRDA:104,7,0,3
BRDA:104,7,1,2
BRDA:125,8,0,0
BRDA:125,8,1,5
BRF:18
BRH:15
end_of_record
TN:
SF:src\Handler\RoomHandler.js
FN:37,(anonymous_0)
FN:43,(anonymous_1)
FN:47,(anonymous_2)
FN:86,(anonymous_3)
FN:138,(anonymous_4)
FNF:5
FNH:5
FNDA:16,(anonymous_0)
FNDA:5,(anonymous_1)
FNDA:13,(anonymous_2)
FNDA:6,(anonymous_3)
FNDA:7,(anonymous_4)
DA:1,4
DA:2,4
DA:38,16
DA:39,16
DA:40,16
DA:44,5
DA:48,13
DA:57,6
DA:58,3
DA:60,3
DA:71,6
DA:72,6
DA:73,5
DA:74,3
DA:76,2
DA:87,6
DA:88,6
DA:89,6
DA:90,6
DA:91,6
DA:92,5
DA:94,2
DA:95,2
DA:96,2
DA:99,1
DA:100,1
DA:103,1
DA:106,3
DA:107,1
DA:108,2
DA:109,1
DA:111,1
DA:115,1
DA:126,2
DA:127,1
DA:129,1
DA:139,7
DA:140,7
DA:141,7
DA:142,7
DA:143,7
DA:146,7
DA:147,7
DA:148,6
DA:149,6
DA:150,3
DA:151,3
DA:152,2
DA:153,2
DA:156,1
DA:157,1
DA:158,1
DA:159,1
DA:160,1
DA:163,1
DA:166,1
DA:169,3
DA:170,1
DA:171,2
DA:172,1
DA:174,1
DA:178,1
DA:183,4
LF:63
LH:63
BRDA:57,0,0,3
BRDA:57,0,1,3
BRDA:57,1,0,6
BRDA:57,1,1,6
BRDA:73,2,0,3
BRDA:73,2,1,2
BRDA:92,3,0,2
BRDA:92,3,1,3
BRDA:92,4,0,5
BRDA:92,4,1,3
BRDA:96,5,0,1
BRDA:96,5,1,1
BRDA:106,6,0,1
BRDA:106,6,1,2
BRDA:106,7,0,3
BRDA:106,7,1,2
BRDA:108,8,0,1
BRDA:108,8,1,1
BRDA:108,9,0,2
BRDA:108,9,1,1
BRDA:126,10,0,1
BRDA:126,10,1,1
BRDA:149,11,0,3
BRDA:149,11,1,3
BRDA:149,12,0,6
BRDA:149,12,1,4
BRDA:151,13,0,2
BRDA:151,13,1,1
BRDA:153,14,0,1
BRDA:153,14,1,1
BRDA:169,15,0,1
BRDA:169,15,1,2
BRDA:169,16,0,3
BRDA:169,16,1,2
BRDA:171,17,0,1
BRDA:171,17,1,1
BRDA:171,18,0,2
BRDA:171,18,1,1
BRF:38
BRH:38
end_of_record
TN:
SF:src\Handler\UserInfoHandler.js
FN:37,(anonymous_0)
FN:43,(anonymous_1)
FN:47,(anonymous_2)
FN:51,(anonymous_3)
FN:73,(anonymous_4)
FN:94,(anonymous_5)
FN:126,(anonymous_6)
FNF:7
FNH:7
FNDA:17,(anonymous_0)
FNDA:8,(anonymous_1)
FNDA:2,(anonymous_2)
FNDA:2,(anonymous_3)
FNDA:3,(anonymous_4)
FNDA:5,(anonymous_5)
FNDA:4,(anonymous_6)
DA:1,5
DA:38,17
DA:39,17
DA:40,17
DA:44,8
DA:48,2
DA:52,2
DA:60,10
DA:61,3
DA:63,7
DA:74,3
DA:75,3
DA:76,3
DA:78,1
DA:80,2
DA:81,1
DA:83,1
DA:95,5
DA:96,5
DA:98,4
DA:99,1
DA:102,3
DA:103,3
DA:104,1
DA:106,2
DA:108,2
DA:109,1
DA:111,1
DA:112,1
DA:117,1
DA:127,4
DA:128,4
DA:130,3
DA:131,1
DA:134,2
DA:135,2
DA:136,1
DA:138,1
DA:140,1
DA:141,1
DA:142,1
DA:144,2
DA:145,2
DA:146,2
DA:148,1
DA:152,1
DA:157,5
LF:47
LH:47
BRDA:60,0,0,3
BRDA:60,0,1,7
BRDA:76,1,0,1
BRDA:76,1,1,2
BRDA:98,2,0,1
BRDA:98,2,1,3
BRDA:103,3,0,1
BRDA:103,3,1,2
BRDA:108,4,0,1
BRDA:108,4,1,1
BRDA:130,5,0,1
BRDA:130,5,1,2
BRDA:135,6,0,1
BRDA:135,6,1,1
BRF:14
BRH:14
end_of_record
TN:
SF:src\Persistence\NotificationPersistence.js
FN:38,(anonymous_0)
FN:72,(anonymous_1)
FN:76,(anonymous_2)
FN:85,(anonymous_3)
FN:115,(anonymous_4)
FN:147,(anonymous_5)
FN:171,(anonymous_6)
FNF:7
FNH:5
FNDA:9,(anonymous_0)
FNDA:0,(anonymous_1)
FNDA:0,(anonymous_2)
FNDA:2,(anonymous_3)
FNDA:2,(anonymous_4)
FNDA:1,(anonymous_5)
FNDA:1,(anonymous_6)
DA:1,6
DA:8,6
DA:9,6
DA:10,6
DA:40,9
DA:42,9
DA:50,9
DA:62,9
DA:63,9
DA:65,0
DA:68,9
DA:69,9
DA:73,0
DA:77,0
DA:86,2
DA:92,2
DA:94,2
DA:95,2
DA:96,2
DA:97,2
DA:98,1
DA:101,1
DA:116,2
DA:118,2
DA:132,2
DA:133,1
DA:135,1
DA:136,1
DA:138,0
DA:148,1
DA:164,1
DA:172,1
DA:179,1
DA:183,6
LF:34
LH:30
BRDA:62,0,0,9
BRDA:62,0,1,0
BRDA:97,1,0,1
BRDA:97,1,1,1
BRDA:97,2,0,2
BRDA:97,2,1,2
BRDA:135,3,0,1
BRDA:135,3,1,0
BRF:8
BRH:6
end_of_record
TN:
SF:src\Persistence\RoomPersistence.js
FN:32,(anonymous_0)
FN:68,(anonymous_1)
FN:72,(anonymous_2)
FN:81,(anonymous_3)
FN:104,(anonymous_4)
FN:132,(anonymous_5)
FNF:6
FNH:4
FNDA:8,(anonymous_0)
FNDA:0,(anonymous_1)
FNDA:0,(anonymous_2)
FNDA:2,(anonymous_3)
FNDA:2,(anonymous_4)
FNDA:1,(anonymous_5)
DA:1,7
DA:2,7
DA:3,7
DA:34,8
DA:36,8
DA:44,8
DA:56,8
DA:57,8
DA:59,0
DA:64,8
DA:65,8
DA:69,0
DA:73,0
DA:82,2
DA:88,2
DA:90,2
DA:91,2
DA:92,1
DA:94,1
DA:105,2
DA:107,2
DA:116,2
DA:117,1
DA:119,1
DA:120,1
DA:122,0
DA:133,1
DA:147,1
DA:151,7
LF:29
LH:25
BRDA:56,0,0,8
BRDA:56,0,1,0
BRDA:91,1,0,1
BRDA:91,1,1,1
BRDA:119,2,0,1
BRDA:119,2,1,0
BRF:6
BRH:4
end_of_record
TN:
SF:src\Persistence\UserPersistence.js
FN:32,(anonymous_0)
FN:67,(anonymous_1)
FN:71,(anonymous_2)
FN:80,(anonymous_3)
FN:107,(anonymous_4)
FN:131,(anonymous_5)
FN:152,(anonymous_6)
FN:174,(anonymous_7)
FN:199,(anonymous_8)
FN:221,(anonymous_9)
FNF:10
FNH:8
FNDA:12,(anonymous_0)
FNDA:0,(anonymous_1)
FNDA:0,(anonymous_2)
FNDA:2,(anonymous_3)
FNDA:2,(anonymous_4)
FNDA:2,(anonymous_5)
FNDA:2,(anonymous_6)
FNDA:1,(anonymous_7)
FNDA:1,(anonymous_8)
FNDA:1,(anonymous_9)
DA:1,6
DA:2,6
DA:3,6
DA:34,12
DA:36,12
DA:44,12
DA:56,12
DA:57,12
DA:59,0
DA:63,12
DA:64,12
DA:68,0
DA:72,0
DA:81,2
DA:83,2
DA:91,2
DA:92,1
DA:94,1
DA:95,1
DA:97,0
DA:109,2
DA:115,2
DA:117,2
DA:119,2
DA:120,1
DA:122,1
DA:132,2
DA:138,2
DA:140,2
DA:141,2
DA:142,1
DA:144,1
DA:153,2
DA:159,2
DA:161,2
DA:162,2
DA:164,1
DA:166,2
DA:175,1
DA:191,1
DA:200,1
DA:213,1
DA:222,1
DA:235,1
DA:239,6
LF:45
LH:41
BRDA:56,0,0,12
BRDA:56,0,1,0
BRDA:94,1,0,1
BRDA:94,1,1,0
BRDA:119,2,0,1
BRDA:119,2,1,1
BRDA:141,3,0,1
BRDA:141,3,1,1
BRDA:162,4,0,1
BRDA:162,4,1,1
BRF:10
BRH:8
end_of_record
TN:
SF:src\Utility\Services.js
FN:22,(anonymous_0)
FN:30,(anonymous_1)
FN:38,(anonymous_2)
FNF:3
FNH:3
FNDA:10,(anonymous_0)
FNDA:7,(anonymous_1)
FNDA:10,(anonymous_2)
DA:7,6
DA:8,6
DA:10,6
DA:18,6
DA:19,6
DA:20,6
DA:23,10
DA:24,5
DA:27,10
DA:31,7
DA:32,5
DA:35,7
DA:39,10
DA:40,5
DA:43,10
DA:47,6
LF:16
LH:16
BRDA:23,0,0,5
BRDA:23,0,1,5
BRDA:31,1,0,5
BRDA:31,1,1,2
BRDA:39,2,0,5
BRDA:39,2,1,5
BRF:6
BRH:6
end_of_record
TN:
SF:src\router\Notification.js
FN:24,(anonymous_0)
FN:28,(anonymous_1)
FNF:2
FNH:2
FNDA:1,(anonymous_0)
FNDA:1,(anonymous_1)
DA:5,4
DA:6,4
DA:7,4
DA:9,4
DA:24,4
DA:25,1
DA:28,4
DA:29,1
DA:32,4
LF:9
LH:9
BRF:0
BRH:0
end_of_record
TN:
SF:src\router\Room.js
FN:23,(anonymous_0)
FN:44,(anonymous_1)
FN:48,(anonymous_2)
FNF:3
FNH:3
FNDA:1,(anonymous_0)
FNDA:1,(anonymous_1)
FNDA:1,(anonymous_2)
DA:5,4
DA:6,4
DA:7,4
DA:9,4
DA:23,4
DA:24,1
DA:44,4
DA:45,1
DA:48,4
DA:49,1
DA:52,4
LF:11
LH:11
BRF:0
BRH:0
end_of_record
TN:
SF:src\router\User.js
FN:26,(anonymous_0)
FN:42,(anonymous_1)
FN:72,(anonymous_2)
FN:76,(anonymous_3)
FNF:4
FNH:4
FNDA:1,(anonymous_0)
FNDA:1,(anonymous_1)
FNDA:1,(anonymous_2)
FNDA:2,(anonymous_3)
DA:9,5
DA:10,5
DA:11,5
DA:13,5
DA:26,5
DA:27,1
DA:42,5
DA:43,1
DA:72,5
DA:73,1
DA:76,5
DA:77,2
DA:80,5
LF:13
LH:13
BRF:0
BRH:0
end_of_record
TN:
SF:src\router\index.js
FN:19,(anonymous_0)
FN:26,(anonymous_1)
FNF:2
FNH:1
FNDA:1,(anonymous_0)
FNDA:0,(anonymous_1)
DA:1,4
DA:2,4
DA:3,4
DA:4,4
DA:5,4
DA:6,4
DA:8,4
DA:11,4
DA:13,4
DA:14,4
DA:15,4
DA:16,4
DA:17,4
DA:19,4
DA:20,1
DA:23,4
DA:26,4
DA:27,0
DA:31,4
LF:19
LH:18
BRF:0
BRH:0
end_of_record
TN:
SF:test\Integration-tests\DbSetup.js
FN:19,populate_db
FNF:1
FNH:1
FNDA:14,populate_db
DA:1,3
DA:2,3
DA:4,3
DA:15,3
DA:16,3
DA:17,3
DA:20,14
DA:22,14
DA:31,14
DA:37,14
DA:43,14
DA:44,14
DA:45,14
DA:48,14
DA:57,14
DA:63,14
DA:64,14
DA:67,14
DA:79,14
DA:92,14
DA:98,14
DA:99,14
DA:100,14
DA:102,0
DA:107,3
LF:25
LH:24
BRF:0
BRH:0
end_of_record
